0 info it worked if it ends with ok
1 verbose cli [ '/home/abhigyan/.nvm/versions/node/v7.5.0/bin/node',
1 verbose cli   '/home/abhigyan/.nvm/versions/node/v7.5.0/bin/npm',
1 verbose cli   'start' ]
2 info using npm@4.1.2
3 info using node@v7.5.0
4 verbose run-script [ 'prestart', 'start', 'poststart' ]
5 info lifecycle node-web-server@1.0.0~prestart: node-web-server@1.0.0
6 silly lifecycle node-web-server@1.0.0~prestart: no script for prestart, continuing
7 info lifecycle node-web-server@1.0.0~start: node-web-server@1.0.0
8 verbose lifecycle node-web-server@1.0.0~start: unsafe-perm in lifecycle true
9 verbose lifecycle node-web-server@1.0.0~start: PATH: /home/abhigyan/.nvm/versions/node/v7.5.0/lib/node_modules/npm/bin/node-gyp-bin:/home/abhigyan/Workspace/node_workspace/workshop2.0/node-web-server/node_modules/.bin:/home/abhigyan/bin:/home/abhigyan/.local/bin:/home/abhigyan/.nvm/versions/node/v7.5.0/bin:/home/abhigyan/.rvm/gems/ruby-2.3.2/bin:/home/abhigyan/.rvm/gems/ruby-2.3.2@global/bin:/home/abhigyan/.rvm/rubies/ruby-2.3.2/bin:/home/abhigyan/bin:/home/abhigyan/.local/bin:/home/abhigyan/bin:/home/abhigyan/.local/bin:/usr/local/sbin:/usr/local/bin:/usr/sbin:/usr/bin:/sbin:/bin:/usr/games:/usr/local/games:/snap/bin:/home/abhigyan/Softwares/go/bin:/home/abhigyan/Softwares/Java/jdk1.8.0_112/bin:/home/abhigyan/Softwares/scala-2.11.8/bin:/home/abhigyan/Softwares/elixir/bin:/home/abhigyan/.rvm/bin:/home/abhigyan/Softwares/apache-maven-3.3.9/bin:/home/abhigyan/Downloads/vim/src:/home/abhigyan/Workspace/golang_workspace/bin:/snap/bin:/home/abhigyan/.rvm/bin:/home/abhigyan/Softwares/go/bin:/home/abhigyan/Softwares/Java/jdk1.8.0_112/bin:/home/abhigyan/Softwares/scala-2.11.8/bin:/home/abhigyan/Softwares/elixir/bin:/home/abhigyan/.rvm/bin:/home/abhigyan/Softwares/apache-maven-3.3.9/bin:/home/abhigyan/Downloads/vim/src:/home/abhigyan/Workspace/golang_workspace/bin:/snap/bin:/home/abhigyan/.rvm/bin:/home/abhigyan/Softwares/go/bin:/home/abhigyan/Softwares/Java/jdk1.8.0_112/bin:/home/abhigyan/Softwares/scala-2.11.8/bin:/home/abhigyan/.nvm/versions/node/v7.0.0/bin/:/home/abhigyan/Softwares/elixir/bin:/home/abhigyan/.rvm/bin:/home/abhigyan/Softwares/apache-maven-3.3.9/bin:/home/abhigyan/Downloads/vim/src:/home/abhigyan/Workspace/golang_workspace/bin
10 verbose lifecycle node-web-server@1.0.0~start: CWD: /home/abhigyan/Workspace/node_workspace/workshop2.0/node-web-server
11 silly lifecycle node-web-server@1.0.0~start: Args: [ '-c', 'node server.js' ]
12 silly lifecycle node-web-server@1.0.0~start: Returned: code: 1  signal: null
13 info lifecycle node-web-server@1.0.0~start: Failed to exec start script
14 verbose stack Error: node-web-server@1.0.0 start: `node server.js`
14 verbose stack Exit status 1
14 verbose stack     at EventEmitter.<anonymous> (/home/abhigyan/.nvm/versions/node/v7.5.0/lib/node_modules/npm/lib/utils/lifecycle.js:279:16)
14 verbose stack     at emitTwo (events.js:106:13)
14 verbose stack     at EventEmitter.emit (events.js:192:7)
14 verbose stack     at ChildProcess.<anonymous> (/home/abhigyan/.nvm/versions/node/v7.5.0/lib/node_modules/npm/lib/utils/spawn.js:40:14)
14 verbose stack     at emitTwo (events.js:106:13)
14 verbose stack     at ChildProcess.emit (events.js:192:7)
14 verbose stack     at maybeClose (internal/child_process.js:890:16)
14 verbose stack     at Process.ChildProcess._handle.onexit (internal/child_process.js:226:5)
15 verbose pkgid node-web-server@1.0.0
16 verbose cwd /home/abhigyan/Workspace/node_workspace/workshop2.0/node-web-server
17 error Linux 4.4.0-66-generic
18 error argv "/home/abhigyan/.nvm/versions/node/v7.5.0/bin/node" "/home/abhigyan/.nvm/versions/node/v7.5.0/bin/npm" "start"
19 error node v7.5.0
20 error npm  v4.1.2
21 error code ELIFECYCLE
22 error node-web-server@1.0.0 start: `node server.js`
22 error Exit status 1
23 error Failed at the node-web-server@1.0.0 start script 'node server.js'.
23 error Make sure you have the latest version of node.js and npm installed.
23 error If you do, this is most likely a problem with the node-web-server package,
23 error not with npm itself.
23 error Tell the author that this fails on your system:
23 error     node server.js
23 error You can get information on how to open an issue for this project with:
23 error     npm bugs node-web-server
23 error Or if that isn't available, you can get their info via:
23 error     npm owner ls node-web-server
23 error There is likely additional logging output above.
24 verbose exit [ 1, true ]
